c:\users\charl\onedrive\documents\github\modern-day-sandbox\__code\map_editor\map_editor\x64\release\vc143.pdb
c:\users\charl\onedrive\documents\github\modern-day-sandbox\__code\map_editor\map_editor\x64\release\write_files.obj
c:\users\charl\onedrive\documents\github\modern-day-sandbox\__code\map_editor\map_editor\x64\release\bmp.obj
c:\users\charl\onedrive\documents\github\modern-day-sandbox\__code\map_editor\map_editor\x64\release\main.obj
c:\users\charl\onedrive\documents\github\modern-day-sandbox\__code\map_editor\map_editor\x64\release\load_files.obj
c:\users\charl\onedrive\documents\github\modern-day-sandbox\__code\map_editor\map_editor\x64\release\gui.obj
c:\users\charl\onedrive\documents\github\modern-day-sandbox\__code\map_editor\map_editor\x64\release\functions.obj
c:\users\charl\onedrive\documents\github\modern-day-sandbox\__code\map_editor\map_editor\x64\release\data_types.obj
c:\users\charl\onedrive\documents\github\modern-day-sandbox\__code\map_editor\x64\release\map_editor.exe
c:\users\charl\onedrive\documents\github\modern-day-sandbox\__code\map_editor\x64\release\map_editor.pdb
c:\users\charl\onedrive\documents\github\modern-day-sandbox\__code\map_editor\map_editor\x64\release\map_editor.ipdb
c:\users\charl\onedrive\documents\github\modern-day-sandbox\__code\map_editor\map_editor\x64\release\map_editor.iobj
c:\users\charl\onedrive\documents\github\modern-day-sandbox\__code\map_editor\map_editor\x64\release\map_editor.tlog\cl.command.1.tlog
c:\users\charl\onedrive\documents\github\modern-day-sandbox\__code\map_editor\map_editor\x64\release\map_editor.tlog\cl.items.tlog
c:\users\charl\onedrive\documents\github\modern-day-sandbox\__code\map_editor\map_editor\x64\release\map_editor.tlog\cl.read.1.tlog
c:\users\charl\onedrive\documents\github\modern-day-sandbox\__code\map_editor\map_editor\x64\release\map_editor.tlog\cl.write.1.tlog
c:\users\charl\onedrive\documents\github\modern-day-sandbox\__code\map_editor\map_editor\x64\release\map_editor.tlog\link.command.1.tlog
c:\users\charl\onedrive\documents\github\modern-day-sandbox\__code\map_editor\map_editor\x64\release\map_editor.tlog\link.read.1.tlog
c:\users\charl\onedrive\documents\github\modern-day-sandbox\__code\map_editor\map_editor\x64\release\map_editor.tlog\link.secondary.1.tlog
c:\users\charl\onedrive\documents\github\modern-day-sandbox\__code\map_editor\map_editor\x64\release\map_editor.tlog\link.write.1.tlog
