  functions.cpp
C:\Program Files\Microsoft Visual Studio\2022\Community\VC\Tools\MSVC\14.44.35207\include\filesystem(12): warning STL4038: The contents of <filesystem> are available only with C++17 or later.
C:\Users\charl\OneDrive\Documents\GitHub\Modern-Day-Sandbox\__code\BitmapFontGenerator\data_types.hpp(36,14): error C7510: 'path': use of dependent type name must be prefixed with 'typename'
  (compiling source file 'functions.cpp')
  
C:\Users\charl\OneDrive\Documents\GitHub\Modern-Day-Sandbox\__code\BitmapFontGenerator\functions.hpp(29,1): error C4430: missing type specifier - int assumed. Note: C++ does not support default-int
  (compiling source file 'functions.cpp')
  
C:\Users\charl\OneDrive\Documents\GitHub\Modern-Day-Sandbox\__code\BitmapFontGenerator\functions.hpp(29,6): error C2146: syntax error: missing ';' before identifier 'GetGameFile'
  (compiling source file 'functions.cpp')
  
C:\Users\charl\OneDrive\Documents\GitHub\Modern-Day-Sandbox\__code\BitmapFontGenerator\functions.cpp(52,13): error C2039: 'ends_with': is not a member of 'std::basic_string<char,std::char_traits<char>,std::allocator<char>>'
      C:\Program Files\Microsoft Visual Studio\2022\Community\VC\Tools\MSVC\14.44.35207\include\xstring(541,7):
      see declaration of 'std::basic_string<char,std::char_traits<char>,std::allocator<char>>'
  
C:\Users\charl\OneDrive\Documents\GitHub\Modern-Day-Sandbox\__code\BitmapFontGenerator\functions.cpp(52,35): error C2039: 'ends_with': is not a member of 'std::basic_string<char,std::char_traits<char>,std::allocator<char>>'
      C:\Program Files\Microsoft Visual Studio\2022\Community\VC\Tools\MSVC\14.44.35207\include\xstring(541,7):
      see declaration of 'std::basic_string<char,std::char_traits<char>,std::allocator<char>>'
  
C:\Users\charl\OneDrive\Documents\GitHub\Modern-Day-Sandbox\__code\BitmapFontGenerator\functions.cpp(52,57): error C2039: 'ends_with': is not a member of 'std::basic_string<char,std::char_traits<char>,std::allocator<char>>'
      C:\Program Files\Microsoft Visual Studio\2022\Community\VC\Tools\MSVC\14.44.35207\include\xstring(541,7):
      see declaration of 'std::basic_string<char,std::char_traits<char>,std::allocator<char>>'
  
C:\Users\charl\OneDrive\Documents\GitHub\Modern-Day-Sandbox\__code\BitmapFontGenerator\functions.cpp(257,27): error C2429: language feature 'structured bindings' requires compiler flag '/std:c++17'
C:\Users\charl\OneDrive\Documents\GitHub\Modern-Day-Sandbox\__code\BitmapFontGenerator\functions.cpp(261,31): error C2668: 'std::basic_string<char,std::char_traits<char>,std::allocator<char>>::replace': ambiguous call to overloaded function
      C:\Program Files\Microsoft Visual Studio\2022\Community\VC\Tools\MSVC\14.44.35207\include\xstring(2021,32):
      could be 'std::basic_string<char,std::char_traits<char>,std::allocator<char>> &std::basic_string<char,std::char_traits<char>,std::allocator<char>>::replace(const unsigned __int64,const unsigned __int64,const _Elem *const )'
          with
          [
              _Elem=char
          ]
      C:\Program Files\Microsoft Visual Studio\2022\Community\VC\Tools\MSVC\14.44.35207\include\xstring(1919,32):
      or       'std::basic_string<char,std::char_traits<char>,std::allocator<char>> &std::basic_string<char,std::char_traits<char>,std::allocator<char>>::replace(const unsigned __int64,const unsigned __int64,const std::basic_string<char,std::char_traits<char>,std::allocator<char>> &)'
      C:\Users\charl\OneDrive\Documents\GitHub\Modern-Day-Sandbox\__code\BitmapFontGenerator\functions.cpp(261,31):
      while trying to match the argument list '(SizeT, unsigned __int64, <error type>)'
  
