c:\users\charl\onedrive\documents\github\modern-day-sandbox\__code\map_editor\map_editor\x64\debug\vc143.pdb
c:\users\charl\onedrive\documents\github\modern-day-sandbox\__code\map_editor\map_editor\x64\debug\vc143.idb
c:\users\charl\onedrive\documents\github\modern-day-sandbox\__code\map_editor\map_editor\x64\debug\write_files.obj
c:\users\charl\onedrive\documents\github\modern-day-sandbox\__code\map_editor\map_editor\x64\debug\bmp.obj
c:\users\charl\onedrive\documents\github\modern-day-sandbox\__code\map_editor\map_editor\x64\debug\main.obj
c:\users\charl\onedrive\documents\github\modern-day-sandbox\__code\map_editor\map_editor\x64\debug\load_files.obj
c:\users\charl\onedrive\documents\github\modern-day-sandbox\__code\map_editor\map_editor\x64\debug\gui.obj
c:\users\charl\onedrive\documents\github\modern-day-sandbox\__code\map_editor\map_editor\x64\debug\functions.obj
c:\users\charl\onedrive\documents\github\modern-day-sandbox\__code\map_editor\map_editor\x64\debug\data_types.obj
c:\users\charl\onedrive\documents\github\modern-day-sandbox\__code\map_editor\x64\debug\map_editor.exe
c:\users\charl\onedrive\documents\github\modern-day-sandbox\__code\map_editor\x64\debug\map_editor.pdb
c:\users\charl\onedrive\documents\github\modern-day-sandbox\__code\map_editor\x64\debug\raylib.dll
c:\users\charl\onedrive\documents\github\modern-day-sandbox\__code\map_editor\map_editor\x64\debug\map_editor.ilk
c:\users\charl\onedrive\documents\github\modern-day-sandbox\__code\map_editor\map_editor\x64\debug\map_editor.tlog\cl.command.1.tlog
c:\users\charl\onedrive\documents\github\modern-day-sandbox\__code\map_editor\map_editor\x64\debug\map_editor.tlog\cl.items.tlog
c:\users\charl\onedrive\documents\github\modern-day-sandbox\__code\map_editor\map_editor\x64\debug\map_editor.tlog\cl.read.1.tlog
c:\users\charl\onedrive\documents\github\modern-day-sandbox\__code\map_editor\map_editor\x64\debug\map_editor.tlog\cl.write.1.tlog
c:\users\charl\onedrive\documents\github\modern-day-sandbox\__code\map_editor\map_editor\x64\debug\map_editor.tlog\link.command.1.tlog
c:\users\charl\onedrive\documents\github\modern-day-sandbox\__code\map_editor\map_editor\x64\debug\map_editor.tlog\link.read.1.tlog
c:\users\charl\onedrive\documents\github\modern-day-sandbox\__code\map_editor\map_editor\x64\debug\map_editor.tlog\link.secondary.1.tlog
c:\users\charl\onedrive\documents\github\modern-day-sandbox\__code\map_editor\map_editor\x64\debug\map_editor.tlog\link.write.1.tlog
c:\users\charl\onedrive\documents\github\modern-day-sandbox\__code\map_editor\map_editor\x64\debug\map_editor.tlog\map_editor.write.1u.tlog
