  load_files.cpp
C:\Users\charl\OneDrive\Documents\GitHub\Modern-Day-Sandbox\__code\Map_Editor\src\data_types.hpp(335,26): warning C4244: 'argument': conversion from 'UnsignedInteger64' to 'const UnsignedInteger16', possible loss of data
  (compiling source file 'src/load_files.cpp')
  
C:\Users\charl\OneDrive\Documents\GitHub\Modern-Day-Sandbox\__code\Map_Editor\src\data_types.hpp(343,44): warning C4267: 'argument': conversion from 'size_t' to 'const UnsignedInteger16', possible loss of data
  (compiling source file 'src/load_files.cpp')
  
C:\Users\charl\OneDrive\Documents\GitHub\Modern-Day-Sandbox\__code\Map_Editor\src\data_types.hpp(349,44): warning C4267: 'argument': conversion from 'size_t' to 'const UnsignedInteger16', possible loss of data
  (compiling source file 'src/load_files.cpp')
  
C:\Users\charl\OneDrive\Documents\GitHub\Modern-Day-Sandbox\__code\Map_Editor\src\data_types.hpp(283,44): warning C4267: 'argument': conversion from 'size_t' to 'const UnsignedInteger16', possible loss of data
  (compiling source file 'src/load_files.cpp')
      C:\Users\charl\OneDrive\Documents\GitHub\Modern-Day-Sandbox\__code\Map_Editor\src\data_types.hpp(283,44):
      the template instantiation context (the oldest one first) is
          C:\Users\charl\OneDrive\Documents\GitHub\Modern-Day-Sandbox\__code\Map_Editor\src\load_files.cpp(64,76):
          see reference to function template instantiation 'void VectorMap<GraphicalCulture>::EmplaceBack<_Ty&>(_Ty &)' being compiled
          with
          [
              _Ty=String
          ]
              C:\Users\charl\OneDrive\Documents\GitHub\Modern-Day-Sandbox\__code\Map_Editor\src\load_files.cpp(64,87):
              see the first reference to 'VectorMap<GraphicalCulture>::EmplaceBack' in 'LoadGraphicalCultureFiles'
  
C:\Users\charl\OneDrive\Documents\GitHub\Modern-Day-Sandbox\__code\Map_Editor\src\data_types.hpp(356,44): warning C4267: 'argument': conversion from 'size_t' to 'const UnsignedInteger16', possible loss of data
  (compiling source file 'src/load_files.cpp')
      C:\Users\charl\OneDrive\Documents\GitHub\Modern-Day-Sandbox\__code\Map_Editor\src\data_types.hpp(356,44):
      the template instantiation context (the oldest one first) is
          C:\Users\charl\OneDrive\Documents\GitHub\Modern-Day-Sandbox\__code\Map_Editor\src\load_files.cpp(146,34):
          see reference to function template instantiation 'void VectorMap<Country>::EmplaceBack<String&,UnsignedInteger8&,UnsignedInteger8&,UnsignedInteger8&,UnsignedInteger16&,UnsignedInteger16&>(String &,UnsignedInteger8 &,UnsignedInteger8 &,UnsignedInteger8 &,UnsignedInteger16 &,UnsignedInteger16 &)' being compiled
  
  Map_Editor.vcxproj -> C:\Users\charl\OneDrive\Documents\GitHub\Modern-Day-Sandbox\__code\Map_Editor\x64\Debug\Map_Editor.exe
  'pwsh.exe' is not recognized as an internal or external command,
  operable program or batch file.
